<?xml version="1.0" encoding="UTF-8"?>
<testng-results ignored="0" total="1" passed="1" failed="0" skipped="0">
  <reporter-output>
  </reporter-output>
  <suite started-at="2025-12-30T15:17:33 IST" name="Default suite" finished-at="2025-12-30T15:17:33 IST" duration-ms="52">
    <groups>
    </groups>
    <test started-at="2025-12-30T15:17:33 IST" name="Default test" finished-at="2025-12-30T15:17:33 IST" duration-ms="52">
      <class name="com.practice.jenkins.homepageTest.HomePageTest">
        <test-method signature="loginTest()[pri:0, instance:com.practice.jenkins.homepageTest.HomePageTest@2a65fe7c]" started-at="2025-12-30T15:17:33 IST" name="loginTest" finished-at="2025-12-30T15:17:33 IST" duration-ms="9" status="PASS">
          <reporter-output>
          </reporter-output>
        </test-method> <!-- loginTest -->
      </class> <!-- com.practice.jenkins.homepageTest.HomePageTest -->
    </test> <!-- Default test -->
  </suite> <!-- Default suite -->
</testng-results>
