<?xml version="1.0" encoding="UTF-8"?>
<testng-results ignored="0" total="1" passed="1" failed="0" skipped="0">
  <reporter-output>
  </reporter-output>
  <suite started-at="2025-12-30T15:19:00 IST" name="Surefire suite" finished-at="2025-12-30T15:19:00 IST" duration-ms="35">
    <groups>
    </groups>
    <test started-at="2025-12-30T15:19:00 IST" name="Surefire test" finished-at="2025-12-30T15:19:00 IST" duration-ms="35">
      <class name="com.practice.jenkins.homepageTest.HomePageTest">
        <test-method signature="loginTest()[pri:0, instance:com.practice.jenkins.homepageTest.HomePageTest@184cf7cf]" started-at="2025-12-30T15:19:00 IST" name="loginTest" finished-at="2025-12-30T15:19:00 IST" duration-ms="2" status="PASS">
          <reporter-output>
          </reporter-output>
        </test-method> <!-- loginTest -->
      </class> <!-- com.practice.jenkins.homepageTest.HomePageTest -->
    </test> <!-- Surefire test -->
  </suite> <!-- Surefire suite -->
</testng-results>
